{"numFailedTestSuites":0,"numFailedTests":0,"numPassedTestSuites":4,"numPassedTests":18,"numPendingTestSuites":0,"numPendingTests":0,"numRuntimeErrorTestSuites":0,"numTodoTests":0,"numTotalTestSuites":4,"numTotalTests":18,"openHandles":[],"snapshot":{"added":0,"didUpdate":false,"failure":false,"filesAdded":0,"filesRemoved":0,"filesRemovedList":[],"filesUnmatched":0,"filesUpdated":0,"matched":0,"total":0,"unchecked":0,"uncheckedKeysByFile":[],"unmatched":0,"updated":0},"startTime":1746256538717,"success":true,"testResults":[{"assertionResults":[{"ancestorTitles":["EventCreation - Admin creates event"],"failureMessages":[],"fullName":"EventCreation - Admin creates event Admin can create an event successfully","location":null,"status":"passed","title":"Admin can create an event successfully"},{"ancestorTitles":["EventCreation - UI rendering"],"failureMessages":[],"fullName":"EventCreation - UI rendering renders all core form fields, RSVP count, and RSVP names correctly","location":null,"status":"passed","title":"renders all core form fields, RSVP count, and RSVP names correctly"}],"endTime":1746256543400,"message":"","name":"D:\\outsiders\\outsiders\\tests\\componentTests\\CreateEvents.test.js","startTime":1746256540277,"status":"passed","summary":""},{"assertionResults":[{"ancestorTitles":["FE - Change Password Sub-Page"],"failureMessages":[],"fullName":"FE - Change Password Sub-Page shows error when new and confirm passwords do not match","location":null,"status":"passed","title":"shows error when new and confirm passwords do not match"},{"ancestorTitles":["FE - Change Password Sub-Page"],"failureMessages":[],"fullName":"FE - Change Password Sub-Page shows error when current password is incorrect","location":null,"status":"passed","title":"shows error when current password is incorrect"},{"ancestorTitles":["BE - Password successfully updated"],"failureMessages":[],"fullName":"BE - Password successfully updated calls getCurrentUser and updatePassword with correct arguments","location":null,"status":"passed","title":"calls getCurrentUser and updatePassword with correct arguments"},{"ancestorTitles":["BE - Password successfully updated"],"failureMessages":[],"fullName":"BE - Password successfully updated cannot login with old password after change","location":null,"status":"passed","title":"cannot login with old password after change"},{"ancestorTitles":["BE - Password successfully updated"],"failureMessages":[],"fullName":"BE - Password successfully updated can login with updated password after change","location":null,"status":"passed","title":"can login with updated password after change"},{"ancestorTitles":["BE - Account properly deleted"],"failureMessages":[],"fullName":"BE - Account properly deleted calls deleteUser and deletes S3 uploads when confirmed","location":null,"status":"passed","title":"calls deleteUser and deletes S3 uploads when confirmed"},{"ancestorTitles":["BE - Account properly deleted"],"failureMessages":[],"fullName":"BE - Account properly deleted cannot login with deleted account","location":null,"status":"passed","title":"cannot login with deleted account"},{"ancestorTitles":["BE - Account properly deleted"],"failureMessages":[],"fullName":"BE - Account properly deleted storage no longer lists removed files after deletion","location":null,"status":"passed","title":"storage no longer lists removed files after deletion"},{"ancestorTitles":["BE - Account properly deleted"],"failureMessages":[],"fullName":"BE - Account properly deleted does not delete account when confirmation text is incorrect","location":null,"status":"passed","title":"does not delete account when confirmation text is incorrect"}],"endTime":1746256543593,"message":"","name":"D:\\outsiders\\outsiders\\tests\\componentTests\\UserAccountUpdateDelete.test.js","startTime":1746256540300,"status":"passed","summary":""},{"assertionResults":[{"ancestorTitles":[],"failureMessages":[],"fullName":"filters events by date input","location":null,"status":"passed","title":"filters events by date input"},{"ancestorTitles":[],"failureMessages":[],"fullName":"deletes an event from the list and removes users from RSVP","location":null,"status":"passed","title":"deletes an event from the list and removes users from RSVP"}],"endTime":1746256543961,"message":"","name":"D:\\outsiders\\outsiders\\tests\\componentTests\\AdminScheduling.test.js","startTime":1746256540311,"status":"passed","summary":""},{"assertionResults":[{"ancestorTitles":["AdminDashboard"],"failureMessages":[],"fullName":"AdminDashboard renders admin dashboard UI elements","location":null,"status":"passed","title":"renders admin dashboard UI elements"},{"ancestorTitles":["AdminDashboard"],"failureMessages":[],"fullName":"AdminDashboard filters forms by user name input","location":null,"status":"passed","title":"filters forms by user name input"},{"ancestorTitles":["AdminDashboard"],"failureMessages":[],"fullName":"AdminDashboard sorts forms by most recent first","location":null,"status":"passed","title":"sorts forms by most recent first"},{"ancestorTitles":["AdminDashboard"],"failureMessages":[],"fullName":"AdminDashboard toggles user admin status","location":null,"status":"passed","title":"toggles user admin status"},{"ancestorTitles":["AdminDashboard"],"failureMessages":[],"fullName":"AdminDashboard deletes a user account","location":null,"status":"passed","title":"deletes a user account"}],"endTime":1746256544320,"message":"","name":"D:\\outsiders\\outsiders\\tests\\componentTests\\AdminDashboard.test.js","startTime":1746256540300,"status":"passed","summary":""}],"wasInterrupted":false}