{"numFailedTestSuites":0,"numFailedTests":0,"numPassedTestSuites":1,"numPassedTests":5,"numPendingTestSuites":0,"numPendingTests":0,"numRuntimeErrorTestSuites":0,"numTodoTests":0,"numTotalTestSuites":1,"numTotalTests":5,"openHandles":[],"snapshot":{"added":0,"didUpdate":false,"failure":false,"filesAdded":0,"filesRemoved":0,"filesRemovedList":[],"filesUnmatched":0,"filesUpdated":0,"matched":0,"total":0,"unchecked":0,"uncheckedKeysByFile":[],"unmatched":0,"updated":0},"startTime":1746172123693,"success":true,"testResults":[{"assertionResults":[{"ancestorTitles":["AdminDashboard"],"failureMessages":[],"fullName":"AdminDashboard renders admin dashboard UI elements","location":null,"status":"passed","title":"renders admin dashboard UI elements"},{"ancestorTitles":["AdminDashboard"],"failureMessages":[],"fullName":"AdminDashboard filters forms by user name input","location":null,"status":"passed","title":"filters forms by user name input"},{"ancestorTitles":["AdminDashboard"],"failureMessages":[],"fullName":"AdminDashboard sorts forms by most recent first","location":null,"status":"passed","title":"sorts forms by most recent first"},{"ancestorTitles":["AdminDashboard"],"failureMessages":[],"fullName":"AdminDashboard toggles user admin status","location":null,"status":"passed","title":"toggles user admin status"},{"ancestorTitles":["AdminDashboard"],"failureMessages":[],"fullName":"AdminDashboard deletes a user account","location":null,"status":"passed","title":"deletes a user account"}],"endTime":1746172127632,"message":"","name":"D:\\outsiders\\outsiders\\src\\components\\Pages\\Admin\\AdminDashboard.test.js","startTime":1746172124617,"status":"passed","summary":""}],"wasInterrupted":false}